<?xml version="1.0" encoding="UTF-8"?>
<!-- Generated by org.testng.reporters.JUnitReportReporter -->
<testsuite skipped="0" hostname="SPBDLAP102" name="com.wd.samples.BrowserIssue" tests="2" failures="0" timestamp="26 May 2018 12:58:42 GMT" time="3.133" errors="0">
  <testcase name="remoteWDTest2" time="2.958" classname="com.wd.samples.BrowserIssue"/>
  <testcase name="remoteWDTest1" time="0.175" classname="com.wd.samples.BrowserIssue"/>
</testsuite> <!-- com.wd.samples.BrowserIssue -->
