<?xml version="1.0" encoding="UTF-8"?>
<!-- Generated by org.testng.reporters.JUnitReportReporter -->
<testsuite skipped="0" hostname="SPBDLAP102" name="com.wd.concepts.Navigations" tests="1" failures="0" timestamp="12 Jul 2018 05:02:10 GMT" time="12.045" errors="0">
  <testcase name="navigations" time="12.045" classname="com.wd.concepts.Navigations"/>
</testsuite> <!-- com.wd.concepts.Navigations -->
