<?xml version="1.0" encoding="UTF-8"?>
<!-- Generated by org.testng.reporters.JUnitReportReporter -->
<testsuite skipped="0" hostname="SPBDLAP102" name="com.wd.servicetests.ChromeDriverServicesExample" tests="2" failures="0" timestamp="15 May 2018 14:21:08 GMT" time="15.996" errors="0">
  <testcase name="launchFacebook2" time="8.228" classname="com.wd.servicetests.ChromeDriverServicesExample"/>
  <testcase name="launchGoogle2" time="7.768" classname="com.wd.servicetests.ChromeDriverServicesExample"/>
</testsuite> <!-- com.wd.servicetests.ChromeDriverServicesExample -->
