<?xml version="1.0" encoding="UTF-8"?>
<!-- Generated by org.testng.reporters.JUnitReportReporter -->
<testsuite skipped="0" hostname="SPBDLAP102" name="com.wd.concepts.ScrollTest" tests="1" failures="0" timestamp="11 Jul 2018 14:01:33 GMT" time="30.600" errors="0">
  <testcase name="scrollToBottomOrTop" time="30.600" classname="com.wd.concepts.ScrollTest"/>
</testsuite> <!-- com.wd.concepts.ScrollTest -->
