<?xml version="1.0" encoding="UTF-8"?>
<!-- Generated by org.testng.reporters.JUnitReportReporter -->
<testsuite skipped="0" hostname="SPBDLAP102" name="com.wd.concepts.NewTabTest" tests="2" failures="0" timestamp="09 Jul 2018 10:03:43 GMT" time="11.128" errors="0">
  <testcase name="screenshotTest" time="1.166" classname="com.wd.concepts.NewTabTest"/>
  <testcase name="screenShotType2" time="9.962" classname="com.wd.concepts.NewTabTest"/>
</testsuite> <!-- com.wd.concepts.NewTabTest -->
