<?xml version="1.0" encoding="UTF-8"?>
<!-- Generated by org.testng.reporters.JUnitReportReporter -->
<testsuite skipped="0" hostname="SPBDLAP102" name="com.wd.servicetests.WithoutServices" tests="2" failures="0" timestamp="15 May 2018 14:21:52 GMT" time="17.953" errors="0">
  <testcase name="launchFacebook" time="9.703" classname="com.wd.servicetests.WithoutServices"/>
  <testcase name="launchGoogle" time="8.250" classname="com.wd.servicetests.WithoutServices"/>
</testsuite> <!-- com.wd.servicetests.WithoutServices -->
