<?xml version="1.0" encoding="UTF-8"?>
<!-- Generated by org.testng.reporters.JUnitReportReporter -->
<testsuite skipped="0" hostname="SPBDLAP102" name="com.wd.concepts.ScreenShotTest" tests="1" failures="0" timestamp="09 Jul 2018 06:50:00 GMT" time="3.945" errors="0">
  <testcase name="screenshotTest" time="3.945" classname="com.wd.concepts.ScreenShotTest"/>
</testsuite> <!-- com.wd.concepts.ScreenShotTest -->
