<?xml version="1.0" encoding="UTF-8"?>
<!-- Generated by org.testng.reporters.JUnitReportReporter -->
<testsuite skipped="0" hostname="SPBDLAP102" name="com.wd.waits.BasicWaitTest" tests="1" failures="0" timestamp="11 Jul 2018 03:45:03 GMT" time="5.098" errors="0">
  <testcase name="isElementVisible" time="5.098" classname="com.wd.waits.BasicWaitTest"/>
</testsuite> <!-- com.wd.waits.BasicWaitTest -->
