<?xml version="1.0" encoding="UTF-8"?>
<!-- Generated by org.testng.reporters.JUnitReportReporter -->
<testsuite skipped="0" hostname="SPBDLAP102" name="com.wd.samples.WithoutServices" tests="2" failures="0" timestamp="15 May 2018 08:14:43 GMT" time="21.774" errors="0">
  <testcase name="launchFacebook" time="8.558" classname="com.wd.samples.WithoutServices"/>
  <testcase name="launchGoogle" time="13.216" classname="com.wd.samples.WithoutServices"/>
</testsuite> <!-- com.wd.samples.WithoutServices -->
